<?xml version="1.0" encoding="UTF-8"?>
<!-- Generated by org.testng.reporters.JUnitXMLReporter -->
<testsuite ignored="1" hostname="Laptop-Jaskirat" failures="0" tests="1" name="Default test(failed)" time="0.178" errors="0" timestamp="2022-08-14T15:43:04 IST">
  <testcase classname="training.testng.dataprovider.DataProviderExample" name="dataProvider1ExampleTest" time="0.027"/>
  <testcase classname="training.testng.dataprovider.DataProviderExample" name="dataProviderExampleTest" time="0.0">
    <ignored/>
  </testcase> <!-- dataProviderExampleTest -->
</testsuite> <!-- Default test(failed) -->
