<?xml version="1.0" encoding="UTF-8"?>
<!-- Generated by org.testng.reporters.JUnitXMLReporter -->
<testsuite ignored="1" hostname="Laptop-Jaskirat" failures="0" tests="3" name="Default test" time="0.135" errors="0" timestamp="2022-08-14T16:02:21 IST">
  <testcase classname="training.testng.dataprovider.DataProviderExample" name="dataProvider1ExampleTest" time="0.018"/>
  <testcase classname="training.testng.dataprovider.DataProviderExample" name="dataProvider1ExampleTest" time="0.003"/>
  <testcase classname="training.testng.dataprovider.DataProviderExample" name="dataProvider1ExampleTest" time="0.004"/>
  <testcase classname="training.testng.dataprovider.DataProviderExample" name="dataProviderExampleTest" time="0.0">
    <ignored/>
  </testcase> <!-- dataProviderExampleTest -->
</testsuite> <!-- Default test -->
