<?xml version="1.0" encoding="UTF-8"?>
<!-- Generated by org.testng.reporters.JUnitXMLReporter -->
<testsuite ignored="0" hostname="Laptop-Jaskirat" failures="0" tests="10" name="Test" time="0.186" errors="0" timestamp="2022-08-14T16:15:40 IST">
  <testcase classname="training.testng.ParallelExecution1" name="test1" time="0.02"/>
  <testcase classname="training.testng.ParallelExecution" name="test1" time="0.02"/>
  <testcase classname="training.testng.ParallelExecution1" name="test2" time="0.004"/>
  <testcase classname="training.testng.ParallelExecution" name="test2" time="0.005"/>
  <testcase classname="training.testng.ParallelExecution1" name="test3" time="0.006"/>
  <testcase classname="training.testng.ParallelExecution" name="test3" time="0.006"/>
  <testcase classname="training.testng.ParallelExecution1" name="test4" time="0.004"/>
  <testcase classname="training.testng.ParallelExecution" name="test4" time="0.011"/>
  <testcase classname="training.testng.ParallelExecution1" name="test5" time="0.006"/>
  <testcase classname="training.testng.ParallelExecution" name="test5" time="0.009"/>
</testsuite> <!-- Test -->
