<?xml version="1.0" encoding="UTF-8"?>
<!-- Generated by org.testng.reporters.JUnitXMLReporter -->
<testsuite ignored="0" hostname="Laptop-Jaskirat" failures="0" tests="5" name="Example" time="0.158" errors="0" timestamp="2022-08-14T11:48:16 IST">
  <testcase classname="training.testng.Annotations" name="testOne" time="0.012"/>
  <testcase classname="training.testng.Annotations" name="testThree" time="0.006"/>
  <testcase classname="training.testng.Annotations" name="testTwo" time="0.003"/>
  <testcase classname="training.testng.Anotations2" name="firstTest" time="0.003"/>
  <testcase classname="training.testng.Anotations2" name="secondTest" time="0.004"/>
</testsuite> <!-- Example -->
