<?xml version="1.0" encoding="UTF-8"?>
<testng-results ignored="0" total="10" passed="10" failed="0" skipped="0">
  <reporter-output>
  </reporter-output>
  <suite started-at="2022-08-14T16:15:40 IST" name="Suite" finished-at="2022-08-14T16:15:40 IST" duration-ms="186">
    <groups>
    </groups>
    <test started-at="2022-08-14T16:15:40 IST" name="Test" finished-at="2022-08-14T16:15:40 IST" duration-ms="186">
      <class name="training.testng.ParallelExecution1">
        <test-method signature="test1()[pri:0, instance:training.testng.ParallelExecution1@65f095f8]" started-at="2022-08-14T16:15:40 IST" name="test1" finished-at="2022-08-14T16:15:40 IST" duration-ms="20" status="PASS">
          <reporter-output>
          </reporter-output>
        </test-method> <!-- test1 -->
        <test-method signature="test2()[pri:0, instance:training.testng.ParallelExecution1@65f095f8]" started-at="2022-08-14T16:15:40 IST" name="test2" finished-at="2022-08-14T16:15:40 IST" duration-ms="4" status="PASS">
          <reporter-output>
          </reporter-output>
        </test-method> <!-- test2 -->
        <test-method signature="test3()[pri:0, instance:training.testng.ParallelExecution1@65f095f8]" started-at="2022-08-14T16:15:40 IST" name="test3" finished-at="2022-08-14T16:15:40 IST" duration-ms="6" status="PASS">
          <reporter-output>
          </reporter-output>
        </test-method> <!-- test3 -->
        <test-method signature="test4()[pri:0, instance:training.testng.ParallelExecution1@65f095f8]" started-at="2022-08-14T16:15:40 IST" name="test4" finished-at="2022-08-14T16:15:40 IST" duration-ms="4" status="PASS">
          <reporter-output>
          </reporter-output>
        </test-method> <!-- test4 -->
        <test-method signature="test5()[pri:0, instance:training.testng.ParallelExecution1@65f095f8]" started-at="2022-08-14T16:15:40 IST" name="test5" finished-at="2022-08-14T16:15:40 IST" duration-ms="6" status="PASS">
          <reporter-output>
          </reporter-output>
        </test-method> <!-- test5 -->
      </class> <!-- training.testng.ParallelExecution1 -->
      <class name="training.testng.ParallelExecution">
        <test-method signature="test1()[pri:0, instance:training.testng.ParallelExecution@355ce81c]" started-at="2022-08-14T16:15:40 IST" name="test1" finished-at="2022-08-14T16:15:40 IST" duration-ms="20" status="PASS">
          <reporter-output>
          </reporter-output>
        </test-method> <!-- test1 -->
        <test-method signature="test2()[pri:0, instance:training.testng.ParallelExecution@355ce81c]" started-at="2022-08-14T16:15:40 IST" name="test2" finished-at="2022-08-14T16:15:40 IST" duration-ms="5" status="PASS">
          <reporter-output>
          </reporter-output>
        </test-method> <!-- test2 -->
        <test-method signature="test3()[pri:0, instance:training.testng.ParallelExecution@355ce81c]" started-at="2022-08-14T16:15:40 IST" name="test3" finished-at="2022-08-14T16:15:40 IST" duration-ms="6" status="PASS">
          <reporter-output>
          </reporter-output>
        </test-method> <!-- test3 -->
        <test-method signature="test4()[pri:0, instance:training.testng.ParallelExecution@355ce81c]" started-at="2022-08-14T16:15:40 IST" name="test4" finished-at="2022-08-14T16:15:40 IST" duration-ms="11" status="PASS">
          <reporter-output>
          </reporter-output>
        </test-method> <!-- test4 -->
        <test-method signature="test5()[pri:0, instance:training.testng.ParallelExecution@355ce81c]" started-at="2022-08-14T16:15:40 IST" name="test5" finished-at="2022-08-14T16:15:40 IST" duration-ms="9" status="PASS">
          <reporter-output>
          </reporter-output>
        </test-method> <!-- test5 -->
      </class> <!-- training.testng.ParallelExecution -->
    </test> <!-- Test -->
  </suite> <!-- Suite -->
</testng-results>
